# JRE version: OpenJDK Runtime Environment (11.0.13) (build 11.0.13+0-b1751.21-8125866)
# Java VM: OpenJDK 64-Bit Server VM (11.0.13+0-b1751.21-8125866, mixed mode, tiered, compressed oops, g1 gc, windows-amd64)
Heap:
 garbage-first heap   total 258048K, used 135151K [0x0000000080000000, 0x0000000100000000)
  region size 1024K, 113 young (115712K), 13 survivors (13312K)
 Metaspace       used 50346K, capacity 51642K, committed 51996K, reserved 1093632K
  class space    used 6371K, capacity 6883K, committed 6988K, reserved 1048576K
GC Heap History (10 events):
Event: 1.292 GC heap before
{Heap before GC invocations=0 (full 0):
 garbage-first heap   total 258048K, used 29696K [0x0000000080000000, 0x0000000100000000)
  region size 1024K, 24 young (24576K), 0 survivors (0K)
 Metaspace       used 10161K, capacity 10387K, committed 10624K, reserved 1058816K
  class space    used 1044K, capacity 1106K, committed 1152K, reserved 1048576K
}
Event: 1.298 GC heap after
{Heap after GC invocations=1 (full 0):
 garbage-first heap   total 258048K, used 9473K [0x0000000080000000, 0x0000000100000000)
  region size 1024K, 3 young (3072K), 3 survivors (3072K)
 Metaspace       used 10161K, capacity 10387K, committed 10624K, reserved 1058816K
  class space    used 1044K, capacity 1106K, committed 1152K, reserved 1048576K
}
Event: 4.202 GC heap before
{Heap before GC invocations=1 (full 0):
 garbage-first heap   total 258048K, used 114945K [0x0000000080000000, 0x0000000100000000)
  region size 1024K, 106 young (108544K), 3 survivors (3072K)
 Metaspace       used 20784K, capacity 21185K, committed 21296K, reserved 1069056K
  class space    used 2530K, capacity 2688K, committed 2688K, reserved 1048576K
}
Event: 4.212 GC heap after
{Heap after GC invocations=2 (full 0):
 garbage-first heap   total 258048K, used 17161K [0x0000000080000000, 0x0000000100000000)
  region size 1024K, 11 young (11264K), 11 survivors (11264K)
 Metaspace       used 20784K, capacity 21185K, committed 21296K, reserved 1069056K
  class space    used 2530K, capacity 2688K, committed 2688K, reserved 1048576K
}
Event: 4.591 GC heap before
{Heap before GC invocations=3 (full 0):
 garbage-first heap   total 258048K, used 44809K [0x0000000080000000, 0x0000000100000000)
  region size 1024K, 38 young (38912K), 11 survivors (11264K)
 Metaspace       used 23390K, capacity 23973K, committed 24192K, reserved 1071104K
  class space    used 2965K, capacity 3173K, committed 3200K, reserved 1048576K
}
Event: 4.599 GC heap after
{Heap after GC invocations=4 (full 0):
 garbage-first heap   total 258048K, used 18153K [0x0000000080000000, 0x0000000100000000)
  region size 1024K, 2 young (2048K), 2 survivors (2048K)
 Metaspace       used 23390K, capacity 23973K, committed 24192K, reserved 1071104K
  class space    used 2965K, capacity 3173K, committed 3200K, reserved 1048576K
}
Event: 6.073 GC heap before
{Heap before GC invocations=4 (full 0):
 garbage-first heap   total 258048K, used 108265K [0x0000000080000000, 0x0000000100000000)
  region size 1024K, 91 young (93184K), 2 survivors (2048K)
 Metaspace       used 35184K, capacity 35957K, committed 36048K, reserved 1081344K
  class space    used 4527K, capacity 4838K, committed 4864K, reserved 1048576K
}
Event: 6.083 GC heap after
{Heap after GC invocations=5 (full 0):
 garbage-first heap   total 258048K, used 22577K [0x0000000080000000, 0x0000000100000000)
  region size 1024K, 6 young (6144K), 6 survivors (6144K)
 Metaspace       used 35184K, capacity 35957K, committed 36048K, reserved 1081344K
  class space    used 4527K, capacity 4838K, committed 4864K, reserved 1048576K
}
Event: 7.857 GC heap before
{Heap before GC invocations=6 (full 0):
 garbage-first heap   total 258048K, used 142385K [0x0000000080000000, 0x0000000100000000)
  region size 1024K, 120 young (122880K), 6 survivors (6144K)
 Metaspace       used 44995K, capacity 46077K, committed 46364K, reserved 1089536K
  class space    used 5713K, capacity 6106K, committed 6220K, reserved 1048576K
}
Event: 7.867 GC heap after
{Heap after GC invocations=7 (full 0):
 garbage-first heap   total 258048K, used 29679K [0x0000000080000000, 0x0000000100000000)
  region size 1024K, 13 young (13312K), 13 survivors (13312K)
 Metaspace       used 44995K, capacity 46077K, committed 46364K, reserved 1089536K
  class space    used 5713K, capacity 6106K, committed 6220K, reserved 1048576K
}

